2023-02-14 11:21:20.107  INFO 64359 --- [main] c.a.anaplancrud.AnaplancrudApplication   : Starting AnaplancrudApplication using Java 11.0.17 on del1-lhp-N82247 with PID 64359 (/home/anshul.kumar2/Downloads/anaplancrud/target/classes started by anshul.kumar2 in /home/anshul.kumar2/Downloads/anaplancrud)
2023-02-14 11:21:20.110  INFO 64359 --- [main] c.a.anaplancrud.AnaplancrudApplication   : No active profile set, falling back to 1 default profile: "default"
2023-02-14 11:21:20.617  INFO 64359 --- [main] .s.d.r.c.RepositoryConfigurationDelegate : Bootstrapping Spring Data JPA repositories in DEFAULT mode.
2023-02-14 11:21:20.669  INFO 64359 --- [main] .s.d.r.c.RepositoryConfigurationDelegate : Finished Spring Data repository scanning in 44 ms. Found 1 JPA repository interfaces.
2023-02-14 11:21:20.985  INFO 64359 --- [main] o.s.b.w.embedded.tomcat.TomcatWebServer  : Tomcat initialized with port(s): 8081 (http)
2023-02-14 11:21:20.991  INFO 64359 --- [main] o.apache.catalina.core.StandardService   : Starting service [Tomcat]
2023-02-14 11:21:20.991  INFO 64359 --- [main] org.apache.catalina.core.StandardEngine  : Starting Servlet engine: [Apache Tomcat/9.0.71]
2023-02-14 11:21:21.049  INFO 64359 --- [main] o.a.c.c.C.[Tomcat].[localhost].[/]       : Initializing Spring embedded WebApplicationContext
2023-02-14 11:21:21.050  INFO 64359 --- [main] w.s.c.ServletWebServerApplicationContext : Root WebApplicationContext: initialization completed in 901 ms
2023-02-14 11:21:21.160  INFO 64359 --- [main] o.hibernate.jpa.internal.util.LogHelper  : HHH000204: Processing PersistenceUnitInfo [name: default]
2023-02-14 11:21:21.184  INFO 64359 --- [main] org.hibernate.Version                    : HHH000412: Hibernate ORM core version 5.6.14.Final
2023-02-14 11:21:21.274  INFO 64359 --- [main] o.hibernate.annotations.common.Version   : HCANN000001: Hibernate Commons Annotations {5.1.2.Final}
2023-02-14 11:21:21.354  INFO 64359 --- [main] com.zaxxer.hikari.HikariDataSource       : HikariPool-1 - Starting...
2023-02-14 11:21:21.464  INFO 64359 --- [main] com.zaxxer.hikari.HikariDataSource       : HikariPool-1 - Start completed.
2023-02-14 11:21:21.478  INFO 64359 --- [main] org.hibernate.dialect.Dialect            : HHH000400: Using dialect: org.hibernate.dialect.MySQL8Dialect
2023-02-14 11:21:21.816  INFO 64359 --- [main] o.h.e.t.j.p.i.JtaPlatformInitiator       : HHH000490: Using JtaPlatform implementation: [org.hibernate.engine.transaction.jta.platform.internal.NoJtaPlatform]
2023-02-14 11:21:21.820  INFO 64359 --- [main] j.LocalContainerEntityManagerFactoryBean : Initialized JPA EntityManagerFactory for persistence unit 'default'
2023-02-14 11:21:22.092  WARN 64359 --- [main] JpaBaseConfiguration$JpaWebConfiguration : spring.jpa.open-in-view is enabled by default. Therefore, database queries may be performed during view rendering. Explicitly configure spring.jpa.open-in-view to disable this warning
2023-02-14 11:21:22.294  INFO 64359 --- [main] o.s.b.w.embedded.tomcat.TomcatWebServer  : Tomcat started on port(s): 8081 (http) with context path ''
2023-02-14 11:21:22.302  INFO 64359 --- [main] c.a.anaplancrud.AnaplancrudApplication   : Started AnaplancrudApplication in 2.573 seconds (JVM running for 2.877)
2023-02-14 11:30:22.369  INFO 64359 --- [SpringApplicationShutdownHook] j.LocalContainerEntityManagerFactoryBean : Closing JPA EntityManagerFactory for persistence unit 'default'
2023-02-14 11:30:22.371  INFO 64359 --- [SpringApplicationShutdownHook] com.zaxxer.hikari.HikariDataSource       : HikariPool-1 - Shutdown initiated...
2023-02-14 11:30:22.378  INFO 64359 --- [SpringApplicationShutdownHook] com.zaxxer.hikari.HikariDataSource       : HikariPool-1 - Shutdown completed.
